[debug] [2022-03-15T03:27:33.901Z] ----------------------------------------------------------------------
[debug] [2022-03-15T03:27:33.902Z] Command:       /usr/local/bin/firebase /Users/tylerlundin/.cache/firebase/tools/lib/node_modules/firebase-tools/lib/bin/firebase deploy
[debug] [2022-03-15T03:27:33.902Z] CLI Version:   10.2.2
[debug] [2022-03-15T03:27:33.902Z] Platform:      darwin
[debug] [2022-03-15T03:27:33.902Z] Node Version:  v12.18.1
[debug] [2022-03-15T03:27:33.903Z] Time:          Mon Mar 14 2022 20:27:33 GMT-0700 (Pacific Daylight Time)
[debug] [2022-03-15T03:27:33.903Z] ----------------------------------------------------------------------
[debug] 
[debug] [2022-03-15T03:27:33.953Z] > command requires scopes: ["email","openid","https://www.googleapis.com/auth/cloudplatformprojects.readonly","https://www.googleapis.com/auth/firebase","https://www.googleapis.com/auth/cloud-platform"]
[debug] [2022-03-15T03:27:33.953Z] > authorizing via signed-in user (tylerjameslundin@gmail.com)
[debug] [2022-03-15T03:27:33.953Z] [iam] checking project jrnl-7e606 for permissions ["firebase.projects.get","firebasehosting.sites.update"]
[debug] [2022-03-15T03:27:33.955Z] >>> [apiv2][query] POST https://cloudresourcemanager.googleapis.com/v1/projects/jrnl-7e606:testIamPermissions [none]
[debug] [2022-03-15T03:27:33.955Z] >>> [apiv2][body] POST https://cloudresourcemanager.googleapis.com/v1/projects/jrnl-7e606:testIamPermissions {"permissions":["firebase.projects.get","firebasehosting.sites.update"]}
[debug] [2022-03-15T03:27:34.147Z] <<< [apiv2][status] POST https://cloudresourcemanager.googleapis.com/v1/projects/jrnl-7e606:testIamPermissions 200
[debug] [2022-03-15T03:27:34.147Z] <<< [apiv2][body] POST https://cloudresourcemanager.googleapis.com/v1/projects/jrnl-7e606:testIamPermissions {"permissions":["firebase.projects.get","firebasehosting.sites.update"]}
[debug] [2022-03-15T03:27:34.149Z] >>> [apiv2][query] GET https://firebase.googleapis.com/v1beta1/projects/jrnl-7e606 [none]
[debug] [2022-03-15T03:27:34.386Z] <<< [apiv2][status] GET https://firebase.googleapis.com/v1beta1/projects/jrnl-7e606 200
[debug] [2022-03-15T03:27:34.387Z] <<< [apiv2][body] GET https://firebase.googleapis.com/v1beta1/projects/jrnl-7e606 {"projectId":"jrnl-7e606","projectNumber":"56356826329","displayName":"jrnl","name":"projects/jrnl-7e606","resources":{"hostingSite":"jrnl-7e606","storageBucket":"jrnl-7e606.appspot.com","locationId":"us-central"},"state":"ACTIVE"}
[info] 
[info] === Deploying to 'jrnl-7e606'...
[info] 
[info] i  deploying hosting 
[debug] [2022-03-15T03:27:34.391Z] >>> [apiv2][query] GET https://firebase.googleapis.com/v1beta1/projects/jrnl-7e606 [none]
[debug] [2022-03-15T03:27:34.655Z] <<< [apiv2][status] GET https://firebase.googleapis.com/v1beta1/projects/jrnl-7e606 200
[debug] [2022-03-15T03:27:34.656Z] <<< [apiv2][body] GET https://firebase.googleapis.com/v1beta1/projects/jrnl-7e606 {"projectId":"jrnl-7e606","projectNumber":"56356826329","displayName":"jrnl","name":"projects/jrnl-7e606","resources":{"hostingSite":"jrnl-7e606","storageBucket":"jrnl-7e606.appspot.com","locationId":"us-central"},"state":"ACTIVE"}
[debug] [2022-03-15T03:27:34.661Z] >>> [apiv2][query] POST https://firebasehosting.googleapis.com/v1beta1/projects/56356826329/sites/jrnl-7e606/versions [none]
[debug] [2022-03-15T03:27:34.661Z] >>> [apiv2][body] POST https://firebasehosting.googleapis.com/v1beta1/projects/56356826329/sites/jrnl-7e606/versions {"config":{"rewrites":[{"glob":"**","path":"/index.html"}]},"labels":{"deployment-tool":"cli-firebase"}}
[debug] [2022-03-15T03:27:35.171Z] <<< [apiv2][status] POST https://firebasehosting.googleapis.com/v1beta1/projects/56356826329/sites/jrnl-7e606/versions 200
[debug] [2022-03-15T03:27:35.171Z] <<< [apiv2][body] POST https://firebasehosting.googleapis.com/v1beta1/projects/56356826329/sites/jrnl-7e606/versions {"name":"projects/56356826329/sites/jrnl-7e606/versions/37ddb79d59038a54","status":"CREATED","config":{"rewrites":[{"glob":"**","path":"/index.html"}]},"labels":{"deployment-tool":"cli-firebase"}}
[info] i  hosting[jrnl-7e606]: beginning deploy... 
[info] i  hosting[jrnl-7e606]: found 34 files in build 
[debug] [2022-03-15T03:27:35.744Z] [hosting] hash cache [YnVpbGQ] stored for 34 files
[debug] [2022-03-15T03:27:35.744Z] [hosting][hash queue][FINAL] {"max":536,"min":15,"avg":169.73529411764707,"active":0,"complete":34,"success":34,"errored":0,"retried":0,"total":34,"elapsed":541}
[debug] [2022-03-15T03:27:35.745Z] >>> [apiv2][query] POST https://firebasehosting.googleapis.com/v1beta1/projects/56356826329/sites/jrnl-7e606/versions/37ddb79d59038a54:populateFiles [none]
[debug] [2022-03-15T03:27:35.745Z] >>> [apiv2][body] POST https://firebasehosting.googleapis.com/v1beta1/projects/56356826329/sites/jrnl-7e606/versions/37ddb79d59038a54:populateFiles {"files":{"/asset-manifest.json":"eb2d190798a447232d9046722b982873477b581f3f6df09342908eac770ee959","/index.html":"fbd5d66a79878373b2c9aabc5ba3c28afbd9855eec225cfb0d89c61bf8c0c7a8","/logo192.png":"5add1eafca5729a4a982dd4ff81fd49ba1c0512e3a70e8d6ae84f2eb2862c92d","/manifest.json":"ec99b3161fca7f4a8e78fe0a298972f3f99974aefade765c73aadc6f167ac691","/static/css/main.7e7fec5d.css":"d74e541821c0e3d6d5ac0d87e9746ccc0126bfc4884c9be7ae4e6d5e32881b93","/static/css/main.7e7fec5d.css.map":"068cc57b8c8a76b328ea54f8bedbd840c1c3a88b96c5e3ac4a4a45529c3fb884","/static/js/951.42aa6248.chunk.js":"02ae5400f2a4fafef76552ff2c264bc0036f644c0db1151e40f5ec3722e4a51e","/favicon.ico":"b56d4f18186e5e21b624a13609f2d152728446d260938cdac79872e796a39388","/static/js/517.b9162bab.chunk.js":"80d349ded404bb40067f30e2a7aa75121d973f40a9991db4de4ca1055c1aac22","/static/js/main.beeb6ed0.js.LICENSE.txt":"017db805b152c5f728cdee7b814de4cc3fdb789758a12b68a653164f2a379837","/static/js/951.42aa6248.chunk.js.map":"abfa0c71e619bb7972896003a2147d54ecf4938452ca79b084626500488a18d3","/logo512.png":"83075f3546166e4d3df3d04f84f64798c954b08f3e999a0649e6a597ccc57f1e","/static/js/517.b9162bab.chunk.js.map":"e569b6fc1dfccc50b4945102ec1fce907417327e1a76bc4e1cb512fe8b79da9d","/robots.txt":"391d14b3c2f8c9143a27a28c7399585142228d4d1bdbe2c87ac946de411fa9a2","/static/js/main.beeb6ed0.js":"61980e8dbfbe039d13039f09b5581f83baa8641082bd0f377025c1303cc8a5c1","/static/media/12.04a3c340904722bed112.jpg":"060d65ed239686515b0b7100ff1f2a913b27a02f6945364d1526f753f6ae9a77","/static/media/3.b2d72ba16a48a12e0724.jpg":"93ebedad47da17516ac96739d9df4da498ca2164c033d798812899feba4bc3f0","/static/media/6.42c6f46281374ae71a05.jpg":"e76745d6989819929ae6c71454c713622e0143b31b4f4ad286c10468a0672e49","/static/media/14.4e9967e498fb1f945b78.jpg":"700fe518339e3f1a4e5293b960ef23fca7b0098fc0a35b8db0635fda3866fc2c","/static/media/7.d93057954ab102394b05.jpg":"7329511612a3bd5fd2ab245ae0bdce98256e11ae6b6712f56df1b8fa0ba3b9ec","/static/media/2.0f6e822602dab14716d9.jpg":"ea2d8bff40d3579ea15dec306fd27219f51d46af7677b40ad1d881f623ee19b2","/static/media/4.fd54aff4bcd9267f2a1c.jpg":"d863fd99aef267cd819633538ebc3e9fedddb7d2836866d3499b12929f7bd620","/static/media/0.8c68131263ceca87cfb8.jpg":"8c0885b81eb4e5b2a51c8affe6074ce4a4d57bd5da442da1895a7701baa0923c","/static/media/17.231a0cac267f4aba2d98.jpg":"7efae7f09b3a9bb6473acb65c747899b4a499a37d601429622c25d2b690016bb","/static/media/10.1606ebc5313f292b362c.jpg":"33972f0987de7edaa44efeab328e730924fe1d7fd88345de54df1e96374e03ff","/static/media/8.67c2fdab293e4b367787.jpg":"d9e8c767c8b811bd80439addd7a69b2fe980d98eac8740c3cf8f40f55e316044","/static/media/16.3c73986eda3e0acc522d.jpg":"034eab7ce0c5dc2a537f1b35a34ecfc9d9330e8d883f2a72ee287edb00b77620","/static/media/15.50b1ac495e338807929c.jpg":"5372354355b016233563c0abe16f1165aa17236f944ab0381886912cae74eec6","/static/media/5.b0ceb2435b368ef393a1.jpg":"d22b032bbf2f40b280ab7ffab603b422b1c8b39343fc8a866eca4aeb0a55c6a4","/static/media/13.015cc9f41653b13916d4.jpg":"50c5bfb37f96f44a80b99cd9cbd72382c3daa5b9ca0571f71c36b0b4d8524d12","/static/media/9.b0fcae952ddb325fc3fa.jpg":"ebbd54fbaa80a35ad3e5ac7cf63a3226fe96ba68b05b0adaeb110dab09ff3054","/static/media/1.3e5e69b8fbc7af2e50a4.jpg":"fa863d1fc55962fd43aeec4134741f620a23a1e97611046be39f9d4000733048","/static/media/11.a80302bfc71dba6e5626.jpg":"03ce0b58f0d6e77c38d7ed5d0cc4991feaf42b34a2cebc40afcae7b169406550","/static/js/main.beeb6ed0.js.map":"4fb4b042981a98d1253109f852ae9ceb79bd81800e1e7a62c597a53558de8f57"}}
[debug] [2022-03-15T03:27:36.522Z] <<< [apiv2][status] POST https://firebasehosting.googleapis.com/v1beta1/projects/56356826329/sites/jrnl-7e606/versions/37ddb79d59038a54:populateFiles 200
[debug] [2022-03-15T03:27:36.523Z] <<< [apiv2][body] POST https://firebasehosting.googleapis.com/v1beta1/projects/56356826329/sites/jrnl-7e606/versions/37ddb79d59038a54:populateFiles {"uploadRequiredHashes":["ea2d8bff40d3579ea15dec306fd27219f51d46af7677b40ad1d881f623ee19b2","5372354355b016233563c0abe16f1165aa17236f944ab0381886912cae74eec6","034eab7ce0c5dc2a537f1b35a34ecfc9d9330e8d883f2a72ee287edb00b77620","ebbd54fbaa80a35ad3e5ac7cf63a3226fe96ba68b05b0adaeb110dab09ff3054","e76745d6989819929ae6c71454c713622e0143b31b4f4ad286c10468a0672e49","8c0885b81eb4e5b2a51c8affe6074ce4a4d57bd5da442da1895a7701baa0923c","d9e8c767c8b811bd80439addd7a69b2fe980d98eac8740c3cf8f40f55e316044","fa863d1fc55962fd43aeec4134741f620a23a1e97611046be39f9d4000733048","03ce0b58f0d6e77c38d7ed5d0cc4991feaf42b34a2cebc40afcae7b169406550","d863fd99aef267cd819633538ebc3e9fedddb7d2836866d3499b12929f7bd620","93ebedad47da17516ac96739d9df4da498ca2164c033d798812899feba4bc3f0","33972f0987de7edaa44efeab328e730924fe1d7fd88345de54df1e96374e03ff","700fe518339e3f1a4e5293b960ef23fca7b0098fc0a35b8db0635fda3866fc2c","7329511612a3bd5fd2ab245ae0bdce98256e11ae6b6712f56df1b8fa0ba3b9ec","50c5bfb37f96f44a80b99cd9cbd72382c3daa5b9ca0571f71c36b0b4d8524d12","060d65ed239686515b0b7100ff1f2a913b27a02f6945364d1526f753f6ae9a77","d22b032bbf2f40b280ab7ffab603b422b1c8b39343fc8a866eca4aeb0a55c6a4","7efae7f09b3a9bb6473acb65c747899b4a499a37d601429622c25d2b690016bb"],"uploadUrl":"https://upload-firebasehosting.googleapis.com/upload/sites/jrnl-7e606/versions/37ddb79d59038a54/files"}
[debug] [2022-03-15T03:27:36.529Z] >>> [apiv2][query] POST https://upload-firebasehosting.googleapis.com/upload/sites/jrnl-7e606/versions/37ddb79d59038a54/files/ea2d8bff40d3579ea15dec306fd27219f51d46af7677b40ad1d881f623ee19b2 [none]
[debug] [2022-03-15T03:27:36.529Z] >>> [apiv2][body] POST https://upload-firebasehosting.googleapis.com/upload/sites/jrnl-7e606/versions/37ddb79d59038a54/files/ea2d8bff40d3579ea15dec306fd27219f51d46af7677b40ad1d881f623ee19b2 [stream]
[debug] [2022-03-15T03:27:36.531Z] >>> [apiv2][query] POST https://upload-firebasehosting.googleapis.com/upload/sites/jrnl-7e606/versions/37ddb79d59038a54/files/5372354355b016233563c0abe16f1165aa17236f944ab0381886912cae74eec6 [none]
[debug] [2022-03-15T03:27:36.531Z] >>> [apiv2][body] POST https://upload-firebasehosting.googleapis.com/upload/sites/jrnl-7e606/versions/37ddb79d59038a54/files/5372354355b016233563c0abe16f1165aa17236f944ab0381886912cae74eec6 [stream]
[debug] [2022-03-15T03:27:36.532Z] >>> [apiv2][query] POST https://upload-firebasehosting.googleapis.com/upload/sites/jrnl-7e606/versions/37ddb79d59038a54/files/034eab7ce0c5dc2a537f1b35a34ecfc9d9330e8d883f2a72ee287edb00b77620 [none]
[debug] [2022-03-15T03:27:36.532Z] >>> [apiv2][body] POST https://upload-firebasehosting.googleapis.com/upload/sites/jrnl-7e606/versions/37ddb79d59038a54/files/034eab7ce0c5dc2a537f1b35a34ecfc9d9330e8d883f2a72ee287edb00b77620 [stream]
[debug] [2022-03-15T03:27:36.534Z] >>> [apiv2][query] POST https://upload-firebasehosting.googleapis.com/upload/sites/jrnl-7e606/versions/37ddb79d59038a54/files/ebbd54fbaa80a35ad3e5ac7cf63a3226fe96ba68b05b0adaeb110dab09ff3054 [none]
[debug] [2022-03-15T03:27:36.534Z] >>> [apiv2][body] POST https://upload-firebasehosting.googleapis.com/upload/sites/jrnl-7e606/versions/37ddb79d59038a54/files/ebbd54fbaa80a35ad3e5ac7cf63a3226fe96ba68b05b0adaeb110dab09ff3054 [stream]
[debug] [2022-03-15T03:27:36.535Z] >>> [apiv2][query] POST https://upload-firebasehosting.googleapis.com/upload/sites/jrnl-7e606/versions/37ddb79d59038a54/files/e76745d6989819929ae6c71454c713622e0143b31b4f4ad286c10468a0672e49 [none]
[debug] [2022-03-15T03:27:36.535Z] >>> [apiv2][body] POST https://upload-firebasehosting.googleapis.com/upload/sites/jrnl-7e606/versions/37ddb79d59038a54/files/e76745d6989819929ae6c71454c713622e0143b31b4f4ad286c10468a0672e49 [stream]
[debug] [2022-03-15T03:27:36.536Z] >>> [apiv2][query] POST https://upload-firebasehosting.googleapis.com/upload/sites/jrnl-7e606/versions/37ddb79d59038a54/files/8c0885b81eb4e5b2a51c8affe6074ce4a4d57bd5da442da1895a7701baa0923c [none]
[debug] [2022-03-15T03:27:36.536Z] >>> [apiv2][body] POST https://upload-firebasehosting.googleapis.com/upload/sites/jrnl-7e606/versions/37ddb79d59038a54/files/8c0885b81eb4e5b2a51c8affe6074ce4a4d57bd5da442da1895a7701baa0923c [stream]
[debug] [2022-03-15T03:27:36.537Z] >>> [apiv2][query] POST https://upload-firebasehosting.googleapis.com/upload/sites/jrnl-7e606/versions/37ddb79d59038a54/files/d9e8c767c8b811bd80439addd7a69b2fe980d98eac8740c3cf8f40f55e316044 [none]
[debug] [2022-03-15T03:27:36.537Z] >>> [apiv2][body] POST https://upload-firebasehosting.googleapis.com/upload/sites/jrnl-7e606/versions/37ddb79d59038a54/files/d9e8c767c8b811bd80439addd7a69b2fe980d98eac8740c3cf8f40f55e316044 [stream]
[debug] [2022-03-15T03:27:36.538Z] >>> [apiv2][query] POST https://upload-firebasehosting.googleapis.com/upload/sites/jrnl-7e606/versions/37ddb79d59038a54/files/fa863d1fc55962fd43aeec4134741f620a23a1e97611046be39f9d4000733048 [none]
[debug] [2022-03-15T03:27:36.538Z] >>> [apiv2][body] POST https://upload-firebasehosting.googleapis.com/upload/sites/jrnl-7e606/versions/37ddb79d59038a54/files/fa863d1fc55962fd43aeec4134741f620a23a1e97611046be39f9d4000733048 [stream]
[debug] [2022-03-15T03:27:36.538Z] >>> [apiv2][query] POST https://upload-firebasehosting.googleapis.com/upload/sites/jrnl-7e606/versions/37ddb79d59038a54/files/03ce0b58f0d6e77c38d7ed5d0cc4991feaf42b34a2cebc40afcae7b169406550 [none]
[debug] [2022-03-15T03:27:36.539Z] >>> [apiv2][body] POST https://upload-firebasehosting.googleapis.com/upload/sites/jrnl-7e606/versions/37ddb79d59038a54/files/03ce0b58f0d6e77c38d7ed5d0cc4991feaf42b34a2cebc40afcae7b169406550 [stream]
[debug] [2022-03-15T03:27:36.539Z] >>> [apiv2][query] POST https://upload-firebasehosting.googleapis.com/upload/sites/jrnl-7e606/versions/37ddb79d59038a54/files/d863fd99aef267cd819633538ebc3e9fedddb7d2836866d3499b12929f7bd620 [none]
[debug] [2022-03-15T03:27:36.539Z] >>> [apiv2][body] POST https://upload-firebasehosting.googleapis.com/upload/sites/jrnl-7e606/versions/37ddb79d59038a54/files/d863fd99aef267cd819633538ebc3e9fedddb7d2836866d3499b12929f7bd620 [stream]
[debug] [2022-03-15T03:27:36.540Z] >>> [apiv2][query] POST https://upload-firebasehosting.googleapis.com/upload/sites/jrnl-7e606/versions/37ddb79d59038a54/files/93ebedad47da17516ac96739d9df4da498ca2164c033d798812899feba4bc3f0 [none]
[debug] [2022-03-15T03:27:36.540Z] >>> [apiv2][body] POST https://upload-firebasehosting.googleapis.com/upload/sites/jrnl-7e606/versions/37ddb79d59038a54/files/93ebedad47da17516ac96739d9df4da498ca2164c033d798812899feba4bc3f0 [stream]
[debug] [2022-03-15T03:27:36.541Z] >>> [apiv2][query] POST https://upload-firebasehosting.googleapis.com/upload/sites/jrnl-7e606/versions/37ddb79d59038a54/files/33972f0987de7edaa44efeab328e730924fe1d7fd88345de54df1e96374e03ff [none]
[debug] [2022-03-15T03:27:36.541Z] >>> [apiv2][body] POST https://upload-firebasehosting.googleapis.com/upload/sites/jrnl-7e606/versions/37ddb79d59038a54/files/33972f0987de7edaa44efeab328e730924fe1d7fd88345de54df1e96374e03ff [stream]
[debug] [2022-03-15T03:27:36.542Z] >>> [apiv2][query] POST https://upload-firebasehosting.googleapis.com/upload/sites/jrnl-7e606/versions/37ddb79d59038a54/files/700fe518339e3f1a4e5293b960ef23fca7b0098fc0a35b8db0635fda3866fc2c [none]
[debug] [2022-03-15T03:27:36.542Z] >>> [apiv2][body] POST https://upload-firebasehosting.googleapis.com/upload/sites/jrnl-7e606/versions/37ddb79d59038a54/files/700fe518339e3f1a4e5293b960ef23fca7b0098fc0a35b8db0635fda3866fc2c [stream]
[debug] [2022-03-15T03:27:36.546Z] >>> [apiv2][query] POST https://upload-firebasehosting.googleapis.com/upload/sites/jrnl-7e606/versions/37ddb79d59038a54/files/7329511612a3bd5fd2ab245ae0bdce98256e11ae6b6712f56df1b8fa0ba3b9ec [none]
[debug] [2022-03-15T03:27:36.546Z] >>> [apiv2][body] POST https://upload-firebasehosting.googleapis.com/upload/sites/jrnl-7e606/versions/37ddb79d59038a54/files/7329511612a3bd5fd2ab245ae0bdce98256e11ae6b6712f56df1b8fa0ba3b9ec [stream]
[debug] [2022-03-15T03:27:36.547Z] >>> [apiv2][query] POST https://upload-firebasehosting.googleapis.com/upload/sites/jrnl-7e606/versions/37ddb79d59038a54/files/50c5bfb37f96f44a80b99cd9cbd72382c3daa5b9ca0571f71c36b0b4d8524d12 [none]
[debug] [2022-03-15T03:27:36.547Z] >>> [apiv2][body] POST https://upload-firebasehosting.googleapis.com/upload/sites/jrnl-7e606/versions/37ddb79d59038a54/files/50c5bfb37f96f44a80b99cd9cbd72382c3daa5b9ca0571f71c36b0b4d8524d12 [stream]
[debug] [2022-03-15T03:27:36.548Z] >>> [apiv2][query] POST https://upload-firebasehosting.googleapis.com/upload/sites/jrnl-7e606/versions/37ddb79d59038a54/files/060d65ed239686515b0b7100ff1f2a913b27a02f6945364d1526f753f6ae9a77 [none]
[debug] [2022-03-15T03:27:36.548Z] >>> [apiv2][body] POST https://upload-firebasehosting.googleapis.com/upload/sites/jrnl-7e606/versions/37ddb79d59038a54/files/060d65ed239686515b0b7100ff1f2a913b27a02f6945364d1526f753f6ae9a77 [stream]
[debug] [2022-03-15T03:27:36.548Z] >>> [apiv2][query] POST https://upload-firebasehosting.googleapis.com/upload/sites/jrnl-7e606/versions/37ddb79d59038a54/files/d22b032bbf2f40b280ab7ffab603b422b1c8b39343fc8a866eca4aeb0a55c6a4 [none]
[debug] [2022-03-15T03:27:36.548Z] >>> [apiv2][body] POST https://upload-firebasehosting.googleapis.com/upload/sites/jrnl-7e606/versions/37ddb79d59038a54/files/d22b032bbf2f40b280ab7ffab603b422b1c8b39343fc8a866eca4aeb0a55c6a4 [stream]
[debug] [2022-03-15T03:27:36.549Z] >>> [apiv2][query] POST https://upload-firebasehosting.googleapis.com/upload/sites/jrnl-7e606/versions/37ddb79d59038a54/files/7efae7f09b3a9bb6473acb65c747899b4a499a37d601429622c25d2b690016bb [none]
[debug] [2022-03-15T03:27:36.549Z] >>> [apiv2][body] POST https://upload-firebasehosting.googleapis.com/upload/sites/jrnl-7e606/versions/37ddb79d59038a54/files/7efae7f09b3a9bb6473acb65c747899b4a499a37d601429622c25d2b690016bb [stream]
[debug] [2022-03-15T03:27:36.550Z] [hosting][populate queue][FINAL] {"max":785,"min":785,"avg":785,"active":0,"complete":1,"success":1,"errored":0,"retried":0,"total":1,"elapsed":807}
[debug] [2022-03-15T03:27:36.550Z] [hosting] uploads queued: 18
[debug] [2022-03-15T03:28:06.936Z] [uploadQueue] Retrying task e76745d6989819929ae6c71454c713622e0143b31b4f4ad286c10468a0672e49
[debug] [2022-03-15T03:28:06.956Z] >>> [apiv2][query] POST https://upload-firebasehosting.googleapis.com/upload/sites/jrnl-7e606/versions/37ddb79d59038a54/files/e76745d6989819929ae6c71454c713622e0143b31b4f4ad286c10468a0672e49 [none]
[debug] [2022-03-15T03:28:06.956Z] >>> [apiv2][body] POST https://upload-firebasehosting.googleapis.com/upload/sites/jrnl-7e606/versions/37ddb79d59038a54/files/e76745d6989819929ae6c71454c713622e0143b31b4f4ad286c10468a0672e49 [stream]
[debug] [2022-03-15T03:28:06.972Z] [uploadQueue] Retrying task 93ebedad47da17516ac96739d9df4da498ca2164c033d798812899feba4bc3f0
[debug] [2022-03-15T03:28:06.973Z] >>> [apiv2][query] POST https://upload-firebasehosting.googleapis.com/upload/sites/jrnl-7e606/versions/37ddb79d59038a54/files/93ebedad47da17516ac96739d9df4da498ca2164c033d798812899feba4bc3f0 [none]
[debug] [2022-03-15T03:28:06.973Z] >>> [apiv2][body] POST https://upload-firebasehosting.googleapis.com/upload/sites/jrnl-7e606/versions/37ddb79d59038a54/files/93ebedad47da17516ac96739d9df4da498ca2164c033d798812899feba4bc3f0 [stream]
[debug] [2022-03-15T03:28:06.975Z] [uploadQueue] Retrying task 700fe518339e3f1a4e5293b960ef23fca7b0098fc0a35b8db0635fda3866fc2c
[debug] [2022-03-15T03:28:06.976Z] >>> [apiv2][query] POST https://upload-firebasehosting.googleapis.com/upload/sites/jrnl-7e606/versions/37ddb79d59038a54/files/700fe518339e3f1a4e5293b960ef23fca7b0098fc0a35b8db0635fda3866fc2c [none]
[debug] [2022-03-15T03:28:06.976Z] >>> [apiv2][body] POST https://upload-firebasehosting.googleapis.com/upload/sites/jrnl-7e606/versions/37ddb79d59038a54/files/700fe518339e3f1a4e5293b960ef23fca7b0098fc0a35b8db0635fda3866fc2c [stream]
[debug] [2022-03-15T03:28:06.977Z] [uploadQueue] Retrying task 060d65ed239686515b0b7100ff1f2a913b27a02f6945364d1526f753f6ae9a77
[debug] [2022-03-15T03:28:06.978Z] >>> [apiv2][query] POST https://upload-firebasehosting.googleapis.com/upload/sites/jrnl-7e606/versions/37ddb79d59038a54/files/060d65ed239686515b0b7100ff1f2a913b27a02f6945364d1526f753f6ae9a77 [none]
[debug] [2022-03-15T03:28:06.978Z] >>> [apiv2][body] POST https://upload-firebasehosting.googleapis.com/upload/sites/jrnl-7e606/versions/37ddb79d59038a54/files/060d65ed239686515b0b7100ff1f2a913b27a02f6945364d1526f753f6ae9a77 [stream]
[debug] [2022-03-15T03:28:07.010Z] [uploadQueue] Retrying task 7329511612a3bd5fd2ab245ae0bdce98256e11ae6b6712f56df1b8fa0ba3b9ec
[debug] [2022-03-15T03:28:07.011Z] >>> [apiv2][query] POST https://upload-firebasehosting.googleapis.com/upload/sites/jrnl-7e606/versions/37ddb79d59038a54/files/7329511612a3bd5fd2ab245ae0bdce98256e11ae6b6712f56df1b8fa0ba3b9ec [none]
[debug] [2022-03-15T03:28:07.011Z] >>> [apiv2][body] POST https://upload-firebasehosting.googleapis.com/upload/sites/jrnl-7e606/versions/37ddb79d59038a54/files/7329511612a3bd5fd2ab245ae0bdce98256e11ae6b6712f56df1b8fa0ba3b9ec [stream]
[debug] [2022-03-15T03:28:08.945Z] [uploadQueue] Retrying task ea2d8bff40d3579ea15dec306fd27219f51d46af7677b40ad1d881f623ee19b2
[debug] [2022-03-15T03:28:08.949Z] >>> [apiv2][query] POST https://upload-firebasehosting.googleapis.com/upload/sites/jrnl-7e606/versions/37ddb79d59038a54/files/ea2d8bff40d3579ea15dec306fd27219f51d46af7677b40ad1d881f623ee19b2 [none]
[debug] [2022-03-15T03:28:08.949Z] >>> [apiv2][body] POST https://upload-firebasehosting.googleapis.com/upload/sites/jrnl-7e606/versions/37ddb79d59038a54/files/ea2d8bff40d3579ea15dec306fd27219f51d46af7677b40ad1d881f623ee19b2 [stream]
[debug] [2022-03-15T03:28:08.959Z] [uploadQueue] Retrying task d863fd99aef267cd819633538ebc3e9fedddb7d2836866d3499b12929f7bd620
[debug] [2022-03-15T03:28:08.960Z] >>> [apiv2][query] POST https://upload-firebasehosting.googleapis.com/upload/sites/jrnl-7e606/versions/37ddb79d59038a54/files/d863fd99aef267cd819633538ebc3e9fedddb7d2836866d3499b12929f7bd620 [none]
[debug] [2022-03-15T03:28:08.960Z] >>> [apiv2][body] POST https://upload-firebasehosting.googleapis.com/upload/sites/jrnl-7e606/versions/37ddb79d59038a54/files/d863fd99aef267cd819633538ebc3e9fedddb7d2836866d3499b12929f7bd620 [stream]
[debug] [2022-03-15T03:28:15.070Z] [uploadQueue] Retrying task 8c0885b81eb4e5b2a51c8affe6074ce4a4d57bd5da442da1895a7701baa0923c
[debug] [2022-03-15T03:28:15.073Z] >>> [apiv2][query] POST https://upload-firebasehosting.googleapis.com/upload/sites/jrnl-7e606/versions/37ddb79d59038a54/files/8c0885b81eb4e5b2a51c8affe6074ce4a4d57bd5da442da1895a7701baa0923c [none]
[debug] [2022-03-15T03:28:15.074Z] >>> [apiv2][body] POST https://upload-firebasehosting.googleapis.com/upload/sites/jrnl-7e606/versions/37ddb79d59038a54/files/8c0885b81eb4e5b2a51c8affe6074ce4a4d57bd5da442da1895a7701baa0923c [stream]
[debug] [2022-03-15T03:28:18.411Z] [uploadQueue] Retrying task 7efae7f09b3a9bb6473acb65c747899b4a499a37d601429622c25d2b690016bb
[debug] [2022-03-15T03:28:18.414Z] >>> [apiv2][query] POST https://upload-firebasehosting.googleapis.com/upload/sites/jrnl-7e606/versions/37ddb79d59038a54/files/7efae7f09b3a9bb6473acb65c747899b4a499a37d601429622c25d2b690016bb [none]
[debug] [2022-03-15T03:28:18.414Z] >>> [apiv2][body] POST https://upload-firebasehosting.googleapis.com/upload/sites/jrnl-7e606/versions/37ddb79d59038a54/files/7efae7f09b3a9bb6473acb65c747899b4a499a37d601429622c25d2b690016bb [stream]
[debug] [2022-03-15T03:28:19.150Z] [uploadQueue] Retrying task 33972f0987de7edaa44efeab328e730924fe1d7fd88345de54df1e96374e03ff
[debug] [2022-03-15T03:28:19.154Z] >>> [apiv2][query] POST https://upload-firebasehosting.googleapis.com/upload/sites/jrnl-7e606/versions/37ddb79d59038a54/files/33972f0987de7edaa44efeab328e730924fe1d7fd88345de54df1e96374e03ff [none]
[debug] [2022-03-15T03:28:19.154Z] >>> [apiv2][body] POST https://upload-firebasehosting.googleapis.com/upload/sites/jrnl-7e606/versions/37ddb79d59038a54/files/33972f0987de7edaa44efeab328e730924fe1d7fd88345de54df1e96374e03ff [stream]
[debug] [2022-03-15T03:28:19.868Z] [uploadQueue] Retrying task d9e8c767c8b811bd80439addd7a69b2fe980d98eac8740c3cf8f40f55e316044
[debug] [2022-03-15T03:28:19.870Z] >>> [apiv2][query] POST https://upload-firebasehosting.googleapis.com/upload/sites/jrnl-7e606/versions/37ddb79d59038a54/files/d9e8c767c8b811bd80439addd7a69b2fe980d98eac8740c3cf8f40f55e316044 [none]
[debug] [2022-03-15T03:28:19.870Z] >>> [apiv2][body] POST https://upload-firebasehosting.googleapis.com/upload/sites/jrnl-7e606/versions/37ddb79d59038a54/files/d9e8c767c8b811bd80439addd7a69b2fe980d98eac8740c3cf8f40f55e316044 [stream]
[debug] [2022-03-15T03:28:20.968Z] [uploadQueue] Retrying task 034eab7ce0c5dc2a537f1b35a34ecfc9d9330e8d883f2a72ee287edb00b77620
[debug] [2022-03-15T03:28:20.969Z] >>> [apiv2][query] POST https://upload-firebasehosting.googleapis.com/upload/sites/jrnl-7e606/versions/37ddb79d59038a54/files/034eab7ce0c5dc2a537f1b35a34ecfc9d9330e8d883f2a72ee287edb00b77620 [none]
[debug] [2022-03-15T03:28:20.970Z] >>> [apiv2][body] POST https://upload-firebasehosting.googleapis.com/upload/sites/jrnl-7e606/versions/37ddb79d59038a54/files/034eab7ce0c5dc2a537f1b35a34ecfc9d9330e8d883f2a72ee287edb00b77620 [stream]
[debug] [2022-03-15T03:28:23.889Z] [uploadQueue] Retrying task 5372354355b016233563c0abe16f1165aa17236f944ab0381886912cae74eec6
[debug] [2022-03-15T03:28:23.890Z] >>> [apiv2][query] POST https://upload-firebasehosting.googleapis.com/upload/sites/jrnl-7e606/versions/37ddb79d59038a54/files/5372354355b016233563c0abe16f1165aa17236f944ab0381886912cae74eec6 [none]
[debug] [2022-03-15T03:28:23.890Z] >>> [apiv2][body] POST https://upload-firebasehosting.googleapis.com/upload/sites/jrnl-7e606/versions/37ddb79d59038a54/files/5372354355b016233563c0abe16f1165aa17236f944ab0381886912cae74eec6 [stream]
[debug] [2022-03-15T03:28:24.070Z] [uploadQueue] Retrying task d22b032bbf2f40b280ab7ffab603b422b1c8b39343fc8a866eca4aeb0a55c6a4
[debug] [2022-03-15T03:28:24.071Z] >>> [apiv2][query] POST https://upload-firebasehosting.googleapis.com/upload/sites/jrnl-7e606/versions/37ddb79d59038a54/files/d22b032bbf2f40b280ab7ffab603b422b1c8b39343fc8a866eca4aeb0a55c6a4 [none]
[debug] [2022-03-15T03:28:24.071Z] >>> [apiv2][body] POST https://upload-firebasehosting.googleapis.com/upload/sites/jrnl-7e606/versions/37ddb79d59038a54/files/d22b032bbf2f40b280ab7ffab603b422b1c8b39343fc8a866eca4aeb0a55c6a4 [stream]
[debug] [2022-03-15T03:28:29.092Z] [uploadQueue] Retrying task 50c5bfb37f96f44a80b99cd9cbd72382c3daa5b9ca0571f71c36b0b4d8524d12
[debug] [2022-03-15T03:28:29.095Z] >>> [apiv2][query] POST https://upload-firebasehosting.googleapis.com/upload/sites/jrnl-7e606/versions/37ddb79d59038a54/files/50c5bfb37f96f44a80b99cd9cbd72382c3daa5b9ca0571f71c36b0b4d8524d12 [none]
[debug] [2022-03-15T03:28:29.095Z] >>> [apiv2][body] POST https://upload-firebasehosting.googleapis.com/upload/sites/jrnl-7e606/versions/37ddb79d59038a54/files/50c5bfb37f96f44a80b99cd9cbd72382c3daa5b9ca0571f71c36b0b4d8524d12 [stream]
[debug] [2022-03-15T03:47:13.820Z] [uploadQueue] Retrying task ebbd54fbaa80a35ad3e5ac7cf63a3226fe96ba68b05b0adaeb110dab09ff3054
[debug] [2022-03-15T03:47:13.825Z] >>> [apiv2][query] POST https://upload-firebasehosting.googleapis.com/upload/sites/jrnl-7e606/versions/37ddb79d59038a54/files/ebbd54fbaa80a35ad3e5ac7cf63a3226fe96ba68b05b0adaeb110dab09ff3054 [none]
[debug] [2022-03-15T03:47:13.825Z] >>> [apiv2][body] POST https://upload-firebasehosting.googleapis.com/upload/sites/jrnl-7e606/versions/37ddb79d59038a54/files/ebbd54fbaa80a35ad3e5ac7cf63a3226fe96ba68b05b0adaeb110dab09ff3054 [stream]
[debug] [2022-03-15T03:47:13.883Z] [uploadQueue] Retrying task 03ce0b58f0d6e77c38d7ed5d0cc4991feaf42b34a2cebc40afcae7b169406550
[debug] [2022-03-15T03:47:13.884Z] >>> [apiv2][query] POST https://upload-firebasehosting.googleapis.com/upload/sites/jrnl-7e606/versions/37ddb79d59038a54/files/03ce0b58f0d6e77c38d7ed5d0cc4991feaf42b34a2cebc40afcae7b169406550 [none]
[debug] [2022-03-15T03:47:13.884Z] >>> [apiv2][body] POST https://upload-firebasehosting.googleapis.com/upload/sites/jrnl-7e606/versions/37ddb79d59038a54/files/03ce0b58f0d6e77c38d7ed5d0cc4991feaf42b34a2cebc40afcae7b169406550 [stream]
[debug] [2022-03-15T03:47:13.910Z] [uploadQueue] Retrying task fa863d1fc55962fd43aeec4134741f620a23a1e97611046be39f9d4000733048
[debug] [2022-03-15T03:47:13.911Z] >>> [apiv2][query] POST https://upload-firebasehosting.googleapis.com/upload/sites/jrnl-7e606/versions/37ddb79d59038a54/files/fa863d1fc55962fd43aeec4134741f620a23a1e97611046be39f9d4000733048 [none]
[debug] [2022-03-15T03:47:13.911Z] >>> [apiv2][body] POST https://upload-firebasehosting.googleapis.com/upload/sites/jrnl-7e606/versions/37ddb79d59038a54/files/fa863d1fc55962fd43aeec4134741f620a23a1e97611046be39f9d4000733048 [stream]
[debug] [2022-03-15T03:47:14.208Z] [uploadQueue] Retrying task e76745d6989819929ae6c71454c713622e0143b31b4f4ad286c10468a0672e49
[debug] [2022-03-15T03:47:14.212Z] >>> [apiv2][query] POST https://upload-firebasehosting.googleapis.com/upload/sites/jrnl-7e606/versions/37ddb79d59038a54/files/e76745d6989819929ae6c71454c713622e0143b31b4f4ad286c10468a0672e49 [none]
[debug] [2022-03-15T03:47:14.212Z] >>> [apiv2][body] POST https://upload-firebasehosting.googleapis.com/upload/sites/jrnl-7e606/versions/37ddb79d59038a54/files/e76745d6989819929ae6c71454c713622e0143b31b4f4ad286c10468a0672e49 [stream]
[debug] [2022-03-15T03:47:14.215Z] [uploadQueue] Retrying task 034eab7ce0c5dc2a537f1b35a34ecfc9d9330e8d883f2a72ee287edb00b77620
[debug] [2022-03-15T03:47:14.215Z] >>> [apiv2][query] POST https://upload-firebasehosting.googleapis.com/upload/sites/jrnl-7e606/versions/37ddb79d59038a54/files/034eab7ce0c5dc2a537f1b35a34ecfc9d9330e8d883f2a72ee287edb00b77620 [none]
[debug] [2022-03-15T03:47:14.215Z] >>> [apiv2][body] POST https://upload-firebasehosting.googleapis.com/upload/sites/jrnl-7e606/versions/37ddb79d59038a54/files/034eab7ce0c5dc2a537f1b35a34ecfc9d9330e8d883f2a72ee287edb00b77620 [stream]
[debug] [2022-03-15T03:47:14.217Z] [uploadQueue] Retrying task d9e8c767c8b811bd80439addd7a69b2fe980d98eac8740c3cf8f40f55e316044
[debug] [2022-03-15T03:47:14.218Z] >>> [apiv2][query] POST https://upload-firebasehosting.googleapis.com/upload/sites/jrnl-7e606/versions/37ddb79d59038a54/files/d9e8c767c8b811bd80439addd7a69b2fe980d98eac8740c3cf8f40f55e316044 [none]
[debug] [2022-03-15T03:47:14.218Z] >>> [apiv2][body] POST https://upload-firebasehosting.googleapis.com/upload/sites/jrnl-7e606/versions/37ddb79d59038a54/files/d9e8c767c8b811bd80439addd7a69b2fe980d98eac8740c3cf8f40f55e316044 [stream]
[debug] [2022-03-15T03:47:14.219Z] [uploadQueue] Retrying task 5372354355b016233563c0abe16f1165aa17236f944ab0381886912cae74eec6
[debug] [2022-03-15T03:47:14.219Z] >>> [apiv2][query] POST https://upload-firebasehosting.googleapis.com/upload/sites/jrnl-7e606/versions/37ddb79d59038a54/files/5372354355b016233563c0abe16f1165aa17236f944ab0381886912cae74eec6 [none]
[debug] [2022-03-15T03:47:14.219Z] >>> [apiv2][body] POST https://upload-firebasehosting.googleapis.com/upload/sites/jrnl-7e606/versions/37ddb79d59038a54/files/5372354355b016233563c0abe16f1165aa17236f944ab0381886912cae74eec6 [stream]
[debug] [2022-03-15T03:47:14.220Z] [uploadQueue] Retrying task 7efae7f09b3a9bb6473acb65c747899b4a499a37d601429622c25d2b690016bb
[debug] [2022-03-15T03:47:14.221Z] >>> [apiv2][query] POST https://upload-firebasehosting.googleapis.com/upload/sites/jrnl-7e606/versions/37ddb79d59038a54/files/7efae7f09b3a9bb6473acb65c747899b4a499a37d601429622c25d2b690016bb [none]
[debug] [2022-03-15T03:47:14.221Z] >>> [apiv2][body] POST https://upload-firebasehosting.googleapis.com/upload/sites/jrnl-7e606/versions/37ddb79d59038a54/files/7efae7f09b3a9bb6473acb65c747899b4a499a37d601429622c25d2b690016bb [stream]
[debug] [2022-03-15T03:47:14.222Z] [uploadQueue] Retrying task 700fe518339e3f1a4e5293b960ef23fca7b0098fc0a35b8db0635fda3866fc2c
[debug] [2022-03-15T03:47:14.222Z] >>> [apiv2][query] POST https://upload-firebasehosting.googleapis.com/upload/sites/jrnl-7e606/versions/37ddb79d59038a54/files/700fe518339e3f1a4e5293b960ef23fca7b0098fc0a35b8db0635fda3866fc2c [none]
[debug] [2022-03-15T03:47:14.222Z] >>> [apiv2][body] POST https://upload-firebasehosting.googleapis.com/upload/sites/jrnl-7e606/versions/37ddb79d59038a54/files/700fe518339e3f1a4e5293b960ef23fca7b0098fc0a35b8db0635fda3866fc2c [stream]
[debug] [2022-03-15T03:47:14.223Z] [uploadQueue] Retrying task d22b032bbf2f40b280ab7ffab603b422b1c8b39343fc8a866eca4aeb0a55c6a4
[debug] [2022-03-15T03:47:14.224Z] >>> [apiv2][query] POST https://upload-firebasehosting.googleapis.com/upload/sites/jrnl-7e606/versions/37ddb79d59038a54/files/d22b032bbf2f40b280ab7ffab603b422b1c8b39343fc8a866eca4aeb0a55c6a4 [none]
[debug] [2022-03-15T03:47:14.224Z] >>> [apiv2][body] POST https://upload-firebasehosting.googleapis.com/upload/sites/jrnl-7e606/versions/37ddb79d59038a54/files/d22b032bbf2f40b280ab7ffab603b422b1c8b39343fc8a866eca4aeb0a55c6a4 [stream]
[debug] [2022-03-15T03:47:14.225Z] [uploadQueue] Retrying task d863fd99aef267cd819633538ebc3e9fedddb7d2836866d3499b12929f7bd620
[debug] [2022-03-15T03:47:14.225Z] >>> [apiv2][query] POST https://upload-firebasehosting.googleapis.com/upload/sites/jrnl-7e606/versions/37ddb79d59038a54/files/d863fd99aef267cd819633538ebc3e9fedddb7d2836866d3499b12929f7bd620 [none]
[debug] [2022-03-15T03:47:14.225Z] >>> [apiv2][body] POST https://upload-firebasehosting.googleapis.com/upload/sites/jrnl-7e606/versions/37ddb79d59038a54/files/d863fd99aef267cd819633538ebc3e9fedddb7d2836866d3499b12929f7bd620 [stream]
[debug] [2022-03-15T03:47:14.226Z] [uploadQueue] Retrying task 50c5bfb37f96f44a80b99cd9cbd72382c3daa5b9ca0571f71c36b0b4d8524d12
[debug] [2022-03-15T03:47:14.226Z] >>> [apiv2][query] POST https://upload-firebasehosting.googleapis.com/upload/sites/jrnl-7e606/versions/37ddb79d59038a54/files/50c5bfb37f96f44a80b99cd9cbd72382c3daa5b9ca0571f71c36b0b4d8524d12 [none]
[debug] [2022-03-15T03:47:14.226Z] >>> [apiv2][body] POST https://upload-firebasehosting.googleapis.com/upload/sites/jrnl-7e606/versions/37ddb79d59038a54/files/50c5bfb37f96f44a80b99cd9cbd72382c3daa5b9ca0571f71c36b0b4d8524d12 [stream]
[debug] [2022-03-15T03:47:14.227Z] [uploadQueue] Retrying task 8c0885b81eb4e5b2a51c8affe6074ce4a4d57bd5da442da1895a7701baa0923c
[debug] [2022-03-15T03:47:14.228Z] >>> [apiv2][query] POST https://upload-firebasehosting.googleapis.com/upload/sites/jrnl-7e606/versions/37ddb79d59038a54/files/8c0885b81eb4e5b2a51c8affe6074ce4a4d57bd5da442da1895a7701baa0923c [none]
[debug] [2022-03-15T03:47:14.228Z] >>> [apiv2][body] POST https://upload-firebasehosting.googleapis.com/upload/sites/jrnl-7e606/versions/37ddb79d59038a54/files/8c0885b81eb4e5b2a51c8affe6074ce4a4d57bd5da442da1895a7701baa0923c [stream]
[debug] [2022-03-15T03:47:14.229Z] [uploadQueue] Retrying task 33972f0987de7edaa44efeab328e730924fe1d7fd88345de54df1e96374e03ff
[debug] [2022-03-15T03:47:14.229Z] >>> [apiv2][query] POST https://upload-firebasehosting.googleapis.com/upload/sites/jrnl-7e606/versions/37ddb79d59038a54/files/33972f0987de7edaa44efeab328e730924fe1d7fd88345de54df1e96374e03ff [none]
[debug] [2022-03-15T03:47:14.229Z] >>> [apiv2][body] POST https://upload-firebasehosting.googleapis.com/upload/sites/jrnl-7e606/versions/37ddb79d59038a54/files/33972f0987de7edaa44efeab328e730924fe1d7fd88345de54df1e96374e03ff [stream]
[debug] [2022-03-15T03:47:14.230Z] [uploadQueue] Retrying task 7329511612a3bd5fd2ab245ae0bdce98256e11ae6b6712f56df1b8fa0ba3b9ec
[debug] [2022-03-15T03:47:14.230Z] >>> [apiv2][query] POST https://upload-firebasehosting.googleapis.com/upload/sites/jrnl-7e606/versions/37ddb79d59038a54/files/7329511612a3bd5fd2ab245ae0bdce98256e11ae6b6712f56df1b8fa0ba3b9ec [none]
[debug] [2022-03-15T03:47:14.230Z] >>> [apiv2][body] POST https://upload-firebasehosting.googleapis.com/upload/sites/jrnl-7e606/versions/37ddb79d59038a54/files/7329511612a3bd5fd2ab245ae0bdce98256e11ae6b6712f56df1b8fa0ba3b9ec [stream]
[debug] [2022-03-15T03:47:14.231Z] [uploadQueue] Retrying task 93ebedad47da17516ac96739d9df4da498ca2164c033d798812899feba4bc3f0
[debug] [2022-03-15T03:47:14.233Z] >>> [apiv2][query] POST https://upload-firebasehosting.googleapis.com/upload/sites/jrnl-7e606/versions/37ddb79d59038a54/files/93ebedad47da17516ac96739d9df4da498ca2164c033d798812899feba4bc3f0 [none]
[debug] [2022-03-15T03:47:14.233Z] >>> [apiv2][body] POST https://upload-firebasehosting.googleapis.com/upload/sites/jrnl-7e606/versions/37ddb79d59038a54/files/93ebedad47da17516ac96739d9df4da498ca2164c033d798812899feba4bc3f0 [stream]
[debug] [2022-03-15T03:47:14.277Z] [uploadQueue] Retrying task 060d65ed239686515b0b7100ff1f2a913b27a02f6945364d1526f753f6ae9a77
[debug] [2022-03-15T03:47:14.278Z] >>> [apiv2][query] POST https://upload-firebasehosting.googleapis.com/upload/sites/jrnl-7e606/versions/37ddb79d59038a54/files/060d65ed239686515b0b7100ff1f2a913b27a02f6945364d1526f753f6ae9a77 [none]
[debug] [2022-03-15T03:47:14.278Z] >>> [apiv2][body] POST https://upload-firebasehosting.googleapis.com/upload/sites/jrnl-7e606/versions/37ddb79d59038a54/files/060d65ed239686515b0b7100ff1f2a913b27a02f6945364d1526f753f6ae9a77 [stream]
[debug] [2022-03-15T03:47:14.291Z] [uploadQueue] Retrying task ea2d8bff40d3579ea15dec306fd27219f51d46af7677b40ad1d881f623ee19b2
[debug] [2022-03-15T03:47:14.292Z] >>> [apiv2][query] POST https://upload-firebasehosting.googleapis.com/upload/sites/jrnl-7e606/versions/37ddb79d59038a54/files/ea2d8bff40d3579ea15dec306fd27219f51d46af7677b40ad1d881f623ee19b2 [none]
[debug] [2022-03-15T03:47:14.292Z] >>> [apiv2][body] POST https://upload-firebasehosting.googleapis.com/upload/sites/jrnl-7e606/versions/37ddb79d59038a54/files/ea2d8bff40d3579ea15dec306fd27219f51d46af7677b40ad1d881f623ee19b2 [stream]
[debug] [2022-03-15T04:02:53.190Z] [uploadQueue] Retrying task ebbd54fbaa80a35ad3e5ac7cf63a3226fe96ba68b05b0adaeb110dab09ff3054
[debug] [2022-03-15T04:02:53.197Z] > refreshing access token with scopes: []
[debug] [2022-03-15T04:02:53.199Z] >>> HTTP REQUEST POST https://www.googleapis.com/oauth2/v3/token  
 <request body omitted>
[debug] [2022-03-15T04:02:53.259Z] [uploadQueue] Retrying task 03ce0b58f0d6e77c38d7ed5d0cc4991feaf42b34a2cebc40afcae7b169406550
[debug] [2022-03-15T04:02:53.261Z] > refreshing access token with scopes: []
[debug] [2022-03-15T04:02:53.262Z] >>> HTTP REQUEST POST https://www.googleapis.com/oauth2/v3/token  
 <request body omitted>
[debug] [2022-03-15T04:02:53.264Z] [uploadQueue] Retrying task fa863d1fc55962fd43aeec4134741f620a23a1e97611046be39f9d4000733048
[debug] [2022-03-15T04:02:53.265Z] > refreshing access token with scopes: []
[debug] [2022-03-15T04:02:53.265Z] >>> HTTP REQUEST POST https://www.googleapis.com/oauth2/v3/token  
 <request body omitted>
[debug] [2022-03-15T04:02:53.507Z] <<< HTTP RESPONSE 200 {"pragma":"no-cache","expires":"Mon, 01 Jan 1990 00:00:00 GMT","date":"Tue, 15 Mar 2022 04:02:53 GMT","cache-control":"no-cache, no-store, max-age=0, must-revalidate","content-type":"application/json; charset=utf-8","vary":"X-Origin, Referer, Origin,Accept-Encoding","server":"scaffolding on HTTPServer2","x-xss-protection":"0","x-frame-options":"SAMEORIGIN","x-content-type-options":"nosniff","alt-svc":"h3=\":443\"; ma=2592000,h3-29=\":443\"; ma=2592000,h3-Q050=\":443\"; ma=2592000,h3-Q046=\":443\"; ma=2592000,h3-Q043=\":443\"; ma=2592000,quic=\":443\"; ma=2592000; v=\"46,43\"","accept-ranges":"none","transfer-encoding":"chunked"}
[debug] [2022-03-15T04:02:53.571Z] >>> [apiv2][query] POST https://upload-firebasehosting.googleapis.com/upload/sites/jrnl-7e606/versions/37ddb79d59038a54/files/ebbd54fbaa80a35ad3e5ac7cf63a3226fe96ba68b05b0adaeb110dab09ff3054 [none]
[debug] [2022-03-15T04:02:53.573Z] >>> [apiv2][body] POST https://upload-firebasehosting.googleapis.com/upload/sites/jrnl-7e606/versions/37ddb79d59038a54/files/ebbd54fbaa80a35ad3e5ac7cf63a3226fe96ba68b05b0adaeb110dab09ff3054 [stream]
[debug] [2022-03-15T04:02:53.585Z] <<< HTTP RESPONSE 200 {"expires":"Mon, 01 Jan 1990 00:00:00 GMT","cache-control":"no-cache, no-store, max-age=0, must-revalidate","date":"Tue, 15 Mar 2022 04:02:53 GMT","pragma":"no-cache","content-type":"application/json; charset=utf-8","vary":"X-Origin, Referer, Origin,Accept-Encoding","server":"scaffolding on HTTPServer2","x-xss-protection":"0","x-frame-options":"SAMEORIGIN","x-content-type-options":"nosniff","alt-svc":"h3=\":443\"; ma=2592000,h3-29=\":443\"; ma=2592000,h3-Q050=\":443\"; ma=2592000,h3-Q046=\":443\"; ma=2592000,h3-Q043=\":443\"; ma=2592000,quic=\":443\"; ma=2592000; v=\"46,43\"","accept-ranges":"none","transfer-encoding":"chunked"}
[debug] [2022-03-15T04:02:53.629Z] >>> [apiv2][query] POST https://upload-firebasehosting.googleapis.com/upload/sites/jrnl-7e606/versions/37ddb79d59038a54/files/fa863d1fc55962fd43aeec4134741f620a23a1e97611046be39f9d4000733048 [none]
[debug] [2022-03-15T04:02:53.629Z] >>> [apiv2][body] POST https://upload-firebasehosting.googleapis.com/upload/sites/jrnl-7e606/versions/37ddb79d59038a54/files/fa863d1fc55962fd43aeec4134741f620a23a1e97611046be39f9d4000733048 [stream]
[debug] [2022-03-15T04:02:53.632Z] <<< HTTP RESPONSE 200 {"cache-control":"no-cache, no-store, max-age=0, must-revalidate","date":"Tue, 15 Mar 2022 04:02:53 GMT","pragma":"no-cache","expires":"Mon, 01 Jan 1990 00:00:00 GMT","content-type":"application/json; charset=utf-8","vary":"X-Origin, Referer, Origin,Accept-Encoding","server":"scaffolding on HTTPServer2","x-xss-protection":"0","x-frame-options":"SAMEORIGIN","x-content-type-options":"nosniff","alt-svc":"h3=\":443\"; ma=2592000,h3-29=\":443\"; ma=2592000,h3-Q050=\":443\"; ma=2592000,h3-Q046=\":443\"; ma=2592000,h3-Q043=\":443\"; ma=2592000,quic=\":443\"; ma=2592000; v=\"46,43\"","accept-ranges":"none","transfer-encoding":"chunked"}
[debug] [2022-03-15T04:02:53.674Z] >>> [apiv2][query] POST https://upload-firebasehosting.googleapis.com/upload/sites/jrnl-7e606/versions/37ddb79d59038a54/files/03ce0b58f0d6e77c38d7ed5d0cc4991feaf42b34a2cebc40afcae7b169406550 [none]
[debug] [2022-03-15T04:02:53.674Z] >>> [apiv2][body] POST https://upload-firebasehosting.googleapis.com/upload/sites/jrnl-7e606/versions/37ddb79d59038a54/files/03ce0b58f0d6e77c38d7ed5d0cc4991feaf42b34a2cebc40afcae7b169406550 [stream]
[debug] [2022-03-15T04:02:53.974Z] [uploadQueue] Retrying task ea2d8bff40d3579ea15dec306fd27219f51d46af7677b40ad1d881f623ee19b2
[debug] [2022-03-15T04:02:53.976Z] >>> [apiv2][query] POST https://upload-firebasehosting.googleapis.com/upload/sites/jrnl-7e606/versions/37ddb79d59038a54/files/ea2d8bff40d3579ea15dec306fd27219f51d46af7677b40ad1d881f623ee19b2 [none]
[debug] [2022-03-15T04:02:53.976Z] >>> [apiv2][body] POST https://upload-firebasehosting.googleapis.com/upload/sites/jrnl-7e606/versions/37ddb79d59038a54/files/ea2d8bff40d3579ea15dec306fd27219f51d46af7677b40ad1d881f623ee19b2 [stream]
[debug] [2022-03-15T04:02:53.978Z] [uploadQueue] Retrying task 33972f0987de7edaa44efeab328e730924fe1d7fd88345de54df1e96374e03ff
[debug] [2022-03-15T04:02:53.979Z] >>> [apiv2][query] POST https://upload-firebasehosting.googleapis.com/upload/sites/jrnl-7e606/versions/37ddb79d59038a54/files/33972f0987de7edaa44efeab328e730924fe1d7fd88345de54df1e96374e03ff [none]
[debug] [2022-03-15T04:02:53.979Z] >>> [apiv2][body] POST https://upload-firebasehosting.googleapis.com/upload/sites/jrnl-7e606/versions/37ddb79d59038a54/files/33972f0987de7edaa44efeab328e730924fe1d7fd88345de54df1e96374e03ff [stream]
[debug] [2022-03-15T04:02:53.981Z] [uploadQueue] Retrying task d863fd99aef267cd819633538ebc3e9fedddb7d2836866d3499b12929f7bd620
[debug] [2022-03-15T04:02:53.982Z] >>> [apiv2][query] POST https://upload-firebasehosting.googleapis.com/upload/sites/jrnl-7e606/versions/37ddb79d59038a54/files/d863fd99aef267cd819633538ebc3e9fedddb7d2836866d3499b12929f7bd620 [none]
[debug] [2022-03-15T04:02:53.982Z] >>> [apiv2][body] POST https://upload-firebasehosting.googleapis.com/upload/sites/jrnl-7e606/versions/37ddb79d59038a54/files/d863fd99aef267cd819633538ebc3e9fedddb7d2836866d3499b12929f7bd620 [stream]
[debug] [2022-03-15T04:02:53.983Z] [uploadQueue] Retrying task 060d65ed239686515b0b7100ff1f2a913b27a02f6945364d1526f753f6ae9a77
[debug] [2022-03-15T04:02:53.984Z] >>> [apiv2][query] POST https://upload-firebasehosting.googleapis.com/upload/sites/jrnl-7e606/versions/37ddb79d59038a54/files/060d65ed239686515b0b7100ff1f2a913b27a02f6945364d1526f753f6ae9a77 [none]
[debug] [2022-03-15T04:02:53.984Z] >>> [apiv2][body] POST https://upload-firebasehosting.googleapis.com/upload/sites/jrnl-7e606/versions/37ddb79d59038a54/files/060d65ed239686515b0b7100ff1f2a913b27a02f6945364d1526f753f6ae9a77 [stream]
[debug] [2022-03-15T04:02:53.988Z] [uploadQueue] Retrying task 93ebedad47da17516ac96739d9df4da498ca2164c033d798812899feba4bc3f0
[debug] [2022-03-15T04:02:53.988Z] >>> [apiv2][query] POST https://upload-firebasehosting.googleapis.com/upload/sites/jrnl-7e606/versions/37ddb79d59038a54/files/93ebedad47da17516ac96739d9df4da498ca2164c033d798812899feba4bc3f0 [none]
[debug] [2022-03-15T04:02:53.989Z] >>> [apiv2][body] POST https://upload-firebasehosting.googleapis.com/upload/sites/jrnl-7e606/versions/37ddb79d59038a54/files/93ebedad47da17516ac96739d9df4da498ca2164c033d798812899feba4bc3f0 [stream]
[debug] [2022-03-15T04:02:53.991Z] [uploadQueue] Retrying task 700fe518339e3f1a4e5293b960ef23fca7b0098fc0a35b8db0635fda3866fc2c
[debug] [2022-03-15T04:02:53.992Z] >>> [apiv2][query] POST https://upload-firebasehosting.googleapis.com/upload/sites/jrnl-7e606/versions/37ddb79d59038a54/files/700fe518339e3f1a4e5293b960ef23fca7b0098fc0a35b8db0635fda3866fc2c [none]
[debug] [2022-03-15T04:02:53.992Z] >>> [apiv2][body] POST https://upload-firebasehosting.googleapis.com/upload/sites/jrnl-7e606/versions/37ddb79d59038a54/files/700fe518339e3f1a4e5293b960ef23fca7b0098fc0a35b8db0635fda3866fc2c [stream]
[debug] [2022-03-15T04:02:53.993Z] [uploadQueue] Retrying task 50c5bfb37f96f44a80b99cd9cbd72382c3daa5b9ca0571f71c36b0b4d8524d12
[debug] [2022-03-15T04:02:53.994Z] >>> [apiv2][query] POST https://upload-firebasehosting.googleapis.com/upload/sites/jrnl-7e606/versions/37ddb79d59038a54/files/50c5bfb37f96f44a80b99cd9cbd72382c3daa5b9ca0571f71c36b0b4d8524d12 [none]
[debug] [2022-03-15T04:02:53.994Z] >>> [apiv2][body] POST https://upload-firebasehosting.googleapis.com/upload/sites/jrnl-7e606/versions/37ddb79d59038a54/files/50c5bfb37f96f44a80b99cd9cbd72382c3daa5b9ca0571f71c36b0b4d8524d12 [stream]
[debug] [2022-03-15T04:02:53.995Z] [uploadQueue] Retrying task e76745d6989819929ae6c71454c713622e0143b31b4f4ad286c10468a0672e49
[debug] [2022-03-15T04:02:53.995Z] >>> [apiv2][query] POST https://upload-firebasehosting.googleapis.com/upload/sites/jrnl-7e606/versions/37ddb79d59038a54/files/e76745d6989819929ae6c71454c713622e0143b31b4f4ad286c10468a0672e49 [none]
[debug] [2022-03-15T04:02:53.995Z] >>> [apiv2][body] POST https://upload-firebasehosting.googleapis.com/upload/sites/jrnl-7e606/versions/37ddb79d59038a54/files/e76745d6989819929ae6c71454c713622e0143b31b4f4ad286c10468a0672e49 [stream]
[debug] [2022-03-15T04:02:53.996Z] [uploadQueue] Retrying task 7329511612a3bd5fd2ab245ae0bdce98256e11ae6b6712f56df1b8fa0ba3b9ec
[debug] [2022-03-15T04:02:53.997Z] >>> [apiv2][query] POST https://upload-firebasehosting.googleapis.com/upload/sites/jrnl-7e606/versions/37ddb79d59038a54/files/7329511612a3bd5fd2ab245ae0bdce98256e11ae6b6712f56df1b8fa0ba3b9ec [none]
[debug] [2022-03-15T04:02:53.997Z] >>> [apiv2][body] POST https://upload-firebasehosting.googleapis.com/upload/sites/jrnl-7e606/versions/37ddb79d59038a54/files/7329511612a3bd5fd2ab245ae0bdce98256e11ae6b6712f56df1b8fa0ba3b9ec [stream]
[debug] [2022-03-15T04:02:53.998Z] [uploadQueue] Retrying task 5372354355b016233563c0abe16f1165aa17236f944ab0381886912cae74eec6
[debug] [2022-03-15T04:02:53.998Z] >>> [apiv2][query] POST https://upload-firebasehosting.googleapis.com/upload/sites/jrnl-7e606/versions/37ddb79d59038a54/files/5372354355b016233563c0abe16f1165aa17236f944ab0381886912cae74eec6 [none]
[debug] [2022-03-15T04:02:53.998Z] >>> [apiv2][body] POST https://upload-firebasehosting.googleapis.com/upload/sites/jrnl-7e606/versions/37ddb79d59038a54/files/5372354355b016233563c0abe16f1165aa17236f944ab0381886912cae74eec6 [stream]
[debug] [2022-03-15T04:02:54.002Z] [uploadQueue] Retrying task d9e8c767c8b811bd80439addd7a69b2fe980d98eac8740c3cf8f40f55e316044
[debug] [2022-03-15T04:02:54.003Z] >>> [apiv2][query] POST https://upload-firebasehosting.googleapis.com/upload/sites/jrnl-7e606/versions/37ddb79d59038a54/files/d9e8c767c8b811bd80439addd7a69b2fe980d98eac8740c3cf8f40f55e316044 [none]
[debug] [2022-03-15T04:02:54.003Z] >>> [apiv2][body] POST https://upload-firebasehosting.googleapis.com/upload/sites/jrnl-7e606/versions/37ddb79d59038a54/files/d9e8c767c8b811bd80439addd7a69b2fe980d98eac8740c3cf8f40f55e316044 [stream]
[debug] [2022-03-15T04:02:54.004Z] [uploadQueue] Retrying task 034eab7ce0c5dc2a537f1b35a34ecfc9d9330e8d883f2a72ee287edb00b77620
[debug] [2022-03-15T04:02:54.004Z] >>> [apiv2][query] POST https://upload-firebasehosting.googleapis.com/upload/sites/jrnl-7e606/versions/37ddb79d59038a54/files/034eab7ce0c5dc2a537f1b35a34ecfc9d9330e8d883f2a72ee287edb00b77620 [none]
[debug] [2022-03-15T04:02:54.004Z] >>> [apiv2][body] POST https://upload-firebasehosting.googleapis.com/upload/sites/jrnl-7e606/versions/37ddb79d59038a54/files/034eab7ce0c5dc2a537f1b35a34ecfc9d9330e8d883f2a72ee287edb00b77620 [stream]
[debug] [2022-03-15T04:02:54.058Z] [uploadQueue] Retrying task d22b032bbf2f40b280ab7ffab603b422b1c8b39343fc8a866eca4aeb0a55c6a4
[debug] [2022-03-15T04:02:54.059Z] >>> [apiv2][query] POST https://upload-firebasehosting.googleapis.com/upload/sites/jrnl-7e606/versions/37ddb79d59038a54/files/d22b032bbf2f40b280ab7ffab603b422b1c8b39343fc8a866eca4aeb0a55c6a4 [none]
[debug] [2022-03-15T04:02:54.059Z] >>> [apiv2][body] POST https://upload-firebasehosting.googleapis.com/upload/sites/jrnl-7e606/versions/37ddb79d59038a54/files/d22b032bbf2f40b280ab7ffab603b422b1c8b39343fc8a866eca4aeb0a55c6a4 [stream]
[debug] [2022-03-15T04:02:54.480Z] [uploadQueue] Retrying task 8c0885b81eb4e5b2a51c8affe6074ce4a4d57bd5da442da1895a7701baa0923c
[debug] [2022-03-15T04:02:54.482Z] >>> [apiv2][query] POST https://upload-firebasehosting.googleapis.com/upload/sites/jrnl-7e606/versions/37ddb79d59038a54/files/8c0885b81eb4e5b2a51c8affe6074ce4a4d57bd5da442da1895a7701baa0923c [none]
[debug] [2022-03-15T04:02:54.483Z] >>> [apiv2][body] POST https://upload-firebasehosting.googleapis.com/upload/sites/jrnl-7e606/versions/37ddb79d59038a54/files/8c0885b81eb4e5b2a51c8affe6074ce4a4d57bd5da442da1895a7701baa0923c [stream]
[debug] [2022-03-15T04:02:54.663Z] [uploadQueue] Retrying task 7efae7f09b3a9bb6473acb65c747899b4a499a37d601429622c25d2b690016bb
[debug] [2022-03-15T04:02:54.667Z] >>> [apiv2][query] POST https://upload-firebasehosting.googleapis.com/upload/sites/jrnl-7e606/versions/37ddb79d59038a54/files/7efae7f09b3a9bb6473acb65c747899b4a499a37d601429622c25d2b690016bb [none]
[debug] [2022-03-15T04:02:54.667Z] >>> [apiv2][body] POST https://upload-firebasehosting.googleapis.com/upload/sites/jrnl-7e606/versions/37ddb79d59038a54/files/7efae7f09b3a9bb6473acb65c747899b4a499a37d601429622c25d2b690016bb [stream]
[debug] [2022-03-15T04:20:08.935Z] [uploadQueue] Retrying task fa863d1fc55962fd43aeec4134741f620a23a1e97611046be39f9d4000733048
[debug] [2022-03-15T04:20:08.937Z] >>> [apiv2][query] POST https://upload-firebasehosting.googleapis.com/upload/sites/jrnl-7e606/versions/37ddb79d59038a54/files/fa863d1fc55962fd43aeec4134741f620a23a1e97611046be39f9d4000733048 [none]
[debug] [2022-03-15T04:20:08.937Z] >>> [apiv2][body] POST https://upload-firebasehosting.googleapis.com/upload/sites/jrnl-7e606/versions/37ddb79d59038a54/files/fa863d1fc55962fd43aeec4134741f620a23a1e97611046be39f9d4000733048 [stream]
[debug] [2022-03-15T04:20:08.939Z] [uploadQueue] Retrying task ebbd54fbaa80a35ad3e5ac7cf63a3226fe96ba68b05b0adaeb110dab09ff3054
[debug] [2022-03-15T04:20:08.940Z] >>> [apiv2][query] POST https://upload-firebasehosting.googleapis.com/upload/sites/jrnl-7e606/versions/37ddb79d59038a54/files/ebbd54fbaa80a35ad3e5ac7cf63a3226fe96ba68b05b0adaeb110dab09ff3054 [none]
[debug] [2022-03-15T04:20:08.941Z] >>> [apiv2][body] POST https://upload-firebasehosting.googleapis.com/upload/sites/jrnl-7e606/versions/37ddb79d59038a54/files/ebbd54fbaa80a35ad3e5ac7cf63a3226fe96ba68b05b0adaeb110dab09ff3054 [stream]
[debug] [2022-03-15T04:20:09.032Z] [uploadQueue] Retrying task 03ce0b58f0d6e77c38d7ed5d0cc4991feaf42b34a2cebc40afcae7b169406550
[debug] [2022-03-15T04:20:09.034Z] >>> [apiv2][query] POST https://upload-firebasehosting.googleapis.com/upload/sites/jrnl-7e606/versions/37ddb79d59038a54/files/03ce0b58f0d6e77c38d7ed5d0cc4991feaf42b34a2cebc40afcae7b169406550 [none]
[debug] [2022-03-15T04:20:09.034Z] >>> [apiv2][body] POST https://upload-firebasehosting.googleapis.com/upload/sites/jrnl-7e606/versions/37ddb79d59038a54/files/03ce0b58f0d6e77c38d7ed5d0cc4991feaf42b34a2cebc40afcae7b169406550 [stream]
[debug] [2022-03-15T04:20:10.529Z] [uploadQueue] Retrying task ea2d8bff40d3579ea15dec306fd27219f51d46af7677b40ad1d881f623ee19b2
[debug] [2022-03-15T04:20:10.533Z] >>> [apiv2][query] POST https://upload-firebasehosting.googleapis.com/upload/sites/jrnl-7e606/versions/37ddb79d59038a54/files/ea2d8bff40d3579ea15dec306fd27219f51d46af7677b40ad1d881f623ee19b2 [none]
[debug] [2022-03-15T04:20:10.534Z] >>> [apiv2][body] POST https://upload-firebasehosting.googleapis.com/upload/sites/jrnl-7e606/versions/37ddb79d59038a54/files/ea2d8bff40d3579ea15dec306fd27219f51d46af7677b40ad1d881f623ee19b2 [stream]
[debug] [2022-03-15T04:20:10.541Z] [uploadQueue] Retrying task 8c0885b81eb4e5b2a51c8affe6074ce4a4d57bd5da442da1895a7701baa0923c
[debug] [2022-03-15T04:20:10.542Z] >>> [apiv2][query] POST https://upload-firebasehosting.googleapis.com/upload/sites/jrnl-7e606/versions/37ddb79d59038a54/files/8c0885b81eb4e5b2a51c8affe6074ce4a4d57bd5da442da1895a7701baa0923c [none]
[debug] [2022-03-15T04:20:10.542Z] >>> [apiv2][body] POST https://upload-firebasehosting.googleapis.com/upload/sites/jrnl-7e606/versions/37ddb79d59038a54/files/8c0885b81eb4e5b2a51c8affe6074ce4a4d57bd5da442da1895a7701baa0923c [stream]
[debug] [2022-03-15T04:20:10.543Z] [uploadQueue] Retrying task 060d65ed239686515b0b7100ff1f2a913b27a02f6945364d1526f753f6ae9a77
[debug] [2022-03-15T04:20:10.543Z] >>> [apiv2][query] POST https://upload-firebasehosting.googleapis.com/upload/sites/jrnl-7e606/versions/37ddb79d59038a54/files/060d65ed239686515b0b7100ff1f2a913b27a02f6945364d1526f753f6ae9a77 [none]
[debug] [2022-03-15T04:20:10.544Z] >>> [apiv2][body] POST https://upload-firebasehosting.googleapis.com/upload/sites/jrnl-7e606/versions/37ddb79d59038a54/files/060d65ed239686515b0b7100ff1f2a913b27a02f6945364d1526f753f6ae9a77 [stream]
[debug] [2022-03-15T04:20:10.545Z] [uploadQueue] Retrying task 33972f0987de7edaa44efeab328e730924fe1d7fd88345de54df1e96374e03ff
[debug] [2022-03-15T04:20:10.545Z] >>> [apiv2][query] POST https://upload-firebasehosting.googleapis.com/upload/sites/jrnl-7e606/versions/37ddb79d59038a54/files/33972f0987de7edaa44efeab328e730924fe1d7fd88345de54df1e96374e03ff [none]
[debug] [2022-03-15T04:20:10.545Z] >>> [apiv2][body] POST https://upload-firebasehosting.googleapis.com/upload/sites/jrnl-7e606/versions/37ddb79d59038a54/files/33972f0987de7edaa44efeab328e730924fe1d7fd88345de54df1e96374e03ff [stream]
[debug] [2022-03-15T04:20:10.546Z] [uploadQueue] Retrying task 93ebedad47da17516ac96739d9df4da498ca2164c033d798812899feba4bc3f0
[debug] [2022-03-15T04:20:10.548Z] >>> [apiv2][query] POST https://upload-firebasehosting.googleapis.com/upload/sites/jrnl-7e606/versions/37ddb79d59038a54/files/93ebedad47da17516ac96739d9df4da498ca2164c033d798812899feba4bc3f0 [none]
[debug] [2022-03-15T04:20:10.548Z] >>> [apiv2][body] POST https://upload-firebasehosting.googleapis.com/upload/sites/jrnl-7e606/versions/37ddb79d59038a54/files/93ebedad47da17516ac96739d9df4da498ca2164c033d798812899feba4bc3f0 [stream]
[debug] [2022-03-15T04:20:10.549Z] [uploadQueue] Retrying task d9e8c767c8b811bd80439addd7a69b2fe980d98eac8740c3cf8f40f55e316044
[debug] [2022-03-15T04:20:10.550Z] >>> [apiv2][query] POST https://upload-firebasehosting.googleapis.com/upload/sites/jrnl-7e606/versions/37ddb79d59038a54/files/d9e8c767c8b811bd80439addd7a69b2fe980d98eac8740c3cf8f40f55e316044 [none]
[debug] [2022-03-15T04:20:10.550Z] >>> [apiv2][body] POST https://upload-firebasehosting.googleapis.com/upload/sites/jrnl-7e606/versions/37ddb79d59038a54/files/d9e8c767c8b811bd80439addd7a69b2fe980d98eac8740c3cf8f40f55e316044 [stream]
[debug] [2022-03-15T04:20:10.551Z] [uploadQueue] Retrying task d22b032bbf2f40b280ab7ffab603b422b1c8b39343fc8a866eca4aeb0a55c6a4
[debug] [2022-03-15T04:20:10.551Z] >>> [apiv2][query] POST https://upload-firebasehosting.googleapis.com/upload/sites/jrnl-7e606/versions/37ddb79d59038a54/files/d22b032bbf2f40b280ab7ffab603b422b1c8b39343fc8a866eca4aeb0a55c6a4 [none]
[debug] [2022-03-15T04:20:10.551Z] >>> [apiv2][body] POST https://upload-firebasehosting.googleapis.com/upload/sites/jrnl-7e606/versions/37ddb79d59038a54/files/d22b032bbf2f40b280ab7ffab603b422b1c8b39343fc8a866eca4aeb0a55c6a4 [stream]
[debug] [2022-03-15T04:20:10.552Z] [uploadQueue] Retrying task 700fe518339e3f1a4e5293b960ef23fca7b0098fc0a35b8db0635fda3866fc2c
[debug] [2022-03-15T04:20:10.552Z] >>> [apiv2][query] POST https://upload-firebasehosting.googleapis.com/upload/sites/jrnl-7e606/versions/37ddb79d59038a54/files/700fe518339e3f1a4e5293b960ef23fca7b0098fc0a35b8db0635fda3866fc2c [none]
[debug] [2022-03-15T04:20:10.552Z] >>> [apiv2][body] POST https://upload-firebasehosting.googleapis.com/upload/sites/jrnl-7e606/versions/37ddb79d59038a54/files/700fe518339e3f1a4e5293b960ef23fca7b0098fc0a35b8db0635fda3866fc2c [stream]
[debug] [2022-03-15T04:20:10.586Z] [uploadQueue] Retrying task 50c5bfb37f96f44a80b99cd9cbd72382c3daa5b9ca0571f71c36b0b4d8524d12
[debug] [2022-03-15T04:20:10.587Z] >>> [apiv2][query] POST https://upload-firebasehosting.googleapis.com/upload/sites/jrnl-7e606/versions/37ddb79d59038a54/files/50c5bfb37f96f44a80b99cd9cbd72382c3daa5b9ca0571f71c36b0b4d8524d12 [none]
[debug] [2022-03-15T04:20:10.587Z] >>> [apiv2][body] POST https://upload-firebasehosting.googleapis.com/upload/sites/jrnl-7e606/versions/37ddb79d59038a54/files/50c5bfb37f96f44a80b99cd9cbd72382c3daa5b9ca0571f71c36b0b4d8524d12 [stream]
[debug] [2022-03-15T04:20:10.635Z] [uploadQueue] Retrying task 7efae7f09b3a9bb6473acb65c747899b4a499a37d601429622c25d2b690016bb
[debug] [2022-03-15T04:20:10.635Z] >>> [apiv2][query] POST https://upload-firebasehosting.googleapis.com/upload/sites/jrnl-7e606/versions/37ddb79d59038a54/files/7efae7f09b3a9bb6473acb65c747899b4a499a37d601429622c25d2b690016bb [none]
[debug] [2022-03-15T04:20:10.635Z] >>> [apiv2][body] POST https://upload-firebasehosting.googleapis.com/upload/sites/jrnl-7e606/versions/37ddb79d59038a54/files/7efae7f09b3a9bb6473acb65c747899b4a499a37d601429622c25d2b690016bb [stream]
[debug] [2022-03-15T04:20:10.795Z] [uploadQueue] Retrying task 5372354355b016233563c0abe16f1165aa17236f944ab0381886912cae74eec6
[debug] [2022-03-15T04:20:10.796Z] >>> [apiv2][query] POST https://upload-firebasehosting.googleapis.com/upload/sites/jrnl-7e606/versions/37ddb79d59038a54/files/5372354355b016233563c0abe16f1165aa17236f944ab0381886912cae74eec6 [none]
[debug] [2022-03-15T04:20:10.796Z] >>> [apiv2][body] POST https://upload-firebasehosting.googleapis.com/upload/sites/jrnl-7e606/versions/37ddb79d59038a54/files/5372354355b016233563c0abe16f1165aa17236f944ab0381886912cae74eec6 [stream]
[debug] [2022-03-15T04:20:10.797Z] [uploadQueue] Retrying task 034eab7ce0c5dc2a537f1b35a34ecfc9d9330e8d883f2a72ee287edb00b77620
[debug] [2022-03-15T04:20:10.798Z] >>> [apiv2][query] POST https://upload-firebasehosting.googleapis.com/upload/sites/jrnl-7e606/versions/37ddb79d59038a54/files/034eab7ce0c5dc2a537f1b35a34ecfc9d9330e8d883f2a72ee287edb00b77620 [none]
[debug] [2022-03-15T04:20:10.798Z] >>> [apiv2][body] POST https://upload-firebasehosting.googleapis.com/upload/sites/jrnl-7e606/versions/37ddb79d59038a54/files/034eab7ce0c5dc2a537f1b35a34ecfc9d9330e8d883f2a72ee287edb00b77620 [stream]
[debug] [2022-03-15T04:20:10.956Z] [uploadQueue] Retrying task 7329511612a3bd5fd2ab245ae0bdce98256e11ae6b6712f56df1b8fa0ba3b9ec
[debug] [2022-03-15T04:20:10.958Z] >>> [apiv2][query] POST https://upload-firebasehosting.googleapis.com/upload/sites/jrnl-7e606/versions/37ddb79d59038a54/files/7329511612a3bd5fd2ab245ae0bdce98256e11ae6b6712f56df1b8fa0ba3b9ec [none]
[debug] [2022-03-15T04:20:10.959Z] >>> [apiv2][body] POST https://upload-firebasehosting.googleapis.com/upload/sites/jrnl-7e606/versions/37ddb79d59038a54/files/7329511612a3bd5fd2ab245ae0bdce98256e11ae6b6712f56df1b8fa0ba3b9ec [stream]
[debug] [2022-03-15T04:20:11.160Z] [uploadQueue] Retrying task e76745d6989819929ae6c71454c713622e0143b31b4f4ad286c10468a0672e49
[debug] [2022-03-15T04:20:11.161Z] >>> [apiv2][query] POST https://upload-firebasehosting.googleapis.com/upload/sites/jrnl-7e606/versions/37ddb79d59038a54/files/e76745d6989819929ae6c71454c713622e0143b31b4f4ad286c10468a0672e49 [none]
[debug] [2022-03-15T04:20:11.161Z] >>> [apiv2][body] POST https://upload-firebasehosting.googleapis.com/upload/sites/jrnl-7e606/versions/37ddb79d59038a54/files/e76745d6989819929ae6c71454c713622e0143b31b4f4ad286c10468a0672e49 [stream]
[debug] [2022-03-15T04:20:11.803Z] [uploadQueue] Retrying task d863fd99aef267cd819633538ebc3e9fedddb7d2836866d3499b12929f7bd620
[debug] [2022-03-15T04:20:11.804Z] >>> [apiv2][query] POST https://upload-firebasehosting.googleapis.com/upload/sites/jrnl-7e606/versions/37ddb79d59038a54/files/d863fd99aef267cd819633538ebc3e9fedddb7d2836866d3499b12929f7bd620 [none]
[debug] [2022-03-15T04:20:11.804Z] >>> [apiv2][body] POST https://upload-firebasehosting.googleapis.com/upload/sites/jrnl-7e606/versions/37ddb79d59038a54/files/d863fd99aef267cd819633538ebc3e9fedddb7d2836866d3499b12929f7bd620 [stream]
[debug] [2022-03-15T04:26:28.257Z] [uploadQueue] Retrying task ebbd54fbaa80a35ad3e5ac7cf63a3226fe96ba68b05b0adaeb110dab09ff3054
[debug] [2022-03-15T04:26:28.258Z] >>> [apiv2][query] POST https://upload-firebasehosting.googleapis.com/upload/sites/jrnl-7e606/versions/37ddb79d59038a54/files/ebbd54fbaa80a35ad3e5ac7cf63a3226fe96ba68b05b0adaeb110dab09ff3054 [none]
[debug] [2022-03-15T04:26:28.258Z] >>> [apiv2][body] POST https://upload-firebasehosting.googleapis.com/upload/sites/jrnl-7e606/versions/37ddb79d59038a54/files/ebbd54fbaa80a35ad3e5ac7cf63a3226fe96ba68b05b0adaeb110dab09ff3054 [stream]
[debug] [2022-03-15T04:26:28.275Z] [uploadQueue] Retrying task fa863d1fc55962fd43aeec4134741f620a23a1e97611046be39f9d4000733048
[debug] [2022-03-15T04:26:28.275Z] >>> [apiv2][query] POST https://upload-firebasehosting.googleapis.com/upload/sites/jrnl-7e606/versions/37ddb79d59038a54/files/fa863d1fc55962fd43aeec4134741f620a23a1e97611046be39f9d4000733048 [none]
[debug] [2022-03-15T04:26:28.275Z] >>> [apiv2][body] POST https://upload-firebasehosting.googleapis.com/upload/sites/jrnl-7e606/versions/37ddb79d59038a54/files/fa863d1fc55962fd43aeec4134741f620a23a1e97611046be39f9d4000733048 [stream]
[debug] [2022-03-15T04:26:28.575Z] [uploadQueue] Retrying task 03ce0b58f0d6e77c38d7ed5d0cc4991feaf42b34a2cebc40afcae7b169406550
[debug] [2022-03-15T04:26:28.578Z] >>> [apiv2][query] POST https://upload-firebasehosting.googleapis.com/upload/sites/jrnl-7e606/versions/37ddb79d59038a54/files/03ce0b58f0d6e77c38d7ed5d0cc4991feaf42b34a2cebc40afcae7b169406550 [none]
[debug] [2022-03-15T04:26:28.578Z] >>> [apiv2][body] POST https://upload-firebasehosting.googleapis.com/upload/sites/jrnl-7e606/versions/37ddb79d59038a54/files/03ce0b58f0d6e77c38d7ed5d0cc4991feaf42b34a2cebc40afcae7b169406550 [stream]
[debug] [2022-03-15T04:26:31.451Z] [uploadQueue] Retrying task 034eab7ce0c5dc2a537f1b35a34ecfc9d9330e8d883f2a72ee287edb00b77620
[debug] [2022-03-15T04:26:31.453Z] >>> [apiv2][query] POST https://upload-firebasehosting.googleapis.com/upload/sites/jrnl-7e606/versions/37ddb79d59038a54/files/034eab7ce0c5dc2a537f1b35a34ecfc9d9330e8d883f2a72ee287edb00b77620 [none]
[debug] [2022-03-15T04:26:31.454Z] >>> [apiv2][body] POST https://upload-firebasehosting.googleapis.com/upload/sites/jrnl-7e606/versions/37ddb79d59038a54/files/034eab7ce0c5dc2a537f1b35a34ecfc9d9330e8d883f2a72ee287edb00b77620 [stream]
[debug] [2022-03-15T04:26:31.471Z] [uploadQueue] Retrying task 5372354355b016233563c0abe16f1165aa17236f944ab0381886912cae74eec6
[debug] [2022-03-15T04:26:31.472Z] >>> [apiv2][query] POST https://upload-firebasehosting.googleapis.com/upload/sites/jrnl-7e606/versions/37ddb79d59038a54/files/5372354355b016233563c0abe16f1165aa17236f944ab0381886912cae74eec6 [none]
[debug] [2022-03-15T04:26:31.472Z] >>> [apiv2][body] POST https://upload-firebasehosting.googleapis.com/upload/sites/jrnl-7e606/versions/37ddb79d59038a54/files/5372354355b016233563c0abe16f1165aa17236f944ab0381886912cae74eec6 [stream]
[debug] [2022-03-15T04:26:31.472Z] [uploadQueue] Retrying task 060d65ed239686515b0b7100ff1f2a913b27a02f6945364d1526f753f6ae9a77
[debug] [2022-03-15T04:26:31.472Z] >>> [apiv2][query] POST https://upload-firebasehosting.googleapis.com/upload/sites/jrnl-7e606/versions/37ddb79d59038a54/files/060d65ed239686515b0b7100ff1f2a913b27a02f6945364d1526f753f6ae9a77 [none]
[debug] [2022-03-15T04:26:31.472Z] >>> [apiv2][body] POST https://upload-firebasehosting.googleapis.com/upload/sites/jrnl-7e606/versions/37ddb79d59038a54/files/060d65ed239686515b0b7100ff1f2a913b27a02f6945364d1526f753f6ae9a77 [stream]
[debug] [2022-03-15T04:26:31.473Z] [uploadQueue] Retrying task 700fe518339e3f1a4e5293b960ef23fca7b0098fc0a35b8db0635fda3866fc2c
[debug] [2022-03-15T04:26:31.473Z] >>> [apiv2][query] POST https://upload-firebasehosting.googleapis.com/upload/sites/jrnl-7e606/versions/37ddb79d59038a54/files/700fe518339e3f1a4e5293b960ef23fca7b0098fc0a35b8db0635fda3866fc2c [none]
[debug] [2022-03-15T04:26:31.473Z] >>> [apiv2][body] POST https://upload-firebasehosting.googleapis.com/upload/sites/jrnl-7e606/versions/37ddb79d59038a54/files/700fe518339e3f1a4e5293b960ef23fca7b0098fc0a35b8db0635fda3866fc2c [stream]
[debug] [2022-03-15T04:26:31.475Z] [uploadQueue] Retrying task d863fd99aef267cd819633538ebc3e9fedddb7d2836866d3499b12929f7bd620
[debug] [2022-03-15T04:26:31.475Z] >>> [apiv2][query] POST https://upload-firebasehosting.googleapis.com/upload/sites/jrnl-7e606/versions/37ddb79d59038a54/files/d863fd99aef267cd819633538ebc3e9fedddb7d2836866d3499b12929f7bd620 [none]
[debug] [2022-03-15T04:26:31.476Z] >>> [apiv2][body] POST https://upload-firebasehosting.googleapis.com/upload/sites/jrnl-7e606/versions/37ddb79d59038a54/files/d863fd99aef267cd819633538ebc3e9fedddb7d2836866d3499b12929f7bd620 [stream]
[debug] [2022-03-15T04:26:31.571Z] [uploadQueue] Retrying task 50c5bfb37f96f44a80b99cd9cbd72382c3daa5b9ca0571f71c36b0b4d8524d12
[debug] [2022-03-15T04:26:31.572Z] >>> [apiv2][query] POST https://upload-firebasehosting.googleapis.com/upload/sites/jrnl-7e606/versions/37ddb79d59038a54/files/50c5bfb37f96f44a80b99cd9cbd72382c3daa5b9ca0571f71c36b0b4d8524d12 [none]
[debug] [2022-03-15T04:26:31.572Z] >>> [apiv2][body] POST https://upload-firebasehosting.googleapis.com/upload/sites/jrnl-7e606/versions/37ddb79d59038a54/files/50c5bfb37f96f44a80b99cd9cbd72382c3daa5b9ca0571f71c36b0b4d8524d12 [stream]
[debug] [2022-03-15T04:26:31.786Z] [uploadQueue] Retrying task 8c0885b81eb4e5b2a51c8affe6074ce4a4d57bd5da442da1895a7701baa0923c
[debug] [2022-03-15T04:26:31.789Z] >>> [apiv2][query] POST https://upload-firebasehosting.googleapis.com/upload/sites/jrnl-7e606/versions/37ddb79d59038a54/files/8c0885b81eb4e5b2a51c8affe6074ce4a4d57bd5da442da1895a7701baa0923c [none]
[debug] [2022-03-15T04:26:31.790Z] >>> [apiv2][body] POST https://upload-firebasehosting.googleapis.com/upload/sites/jrnl-7e606/versions/37ddb79d59038a54/files/8c0885b81eb4e5b2a51c8affe6074ce4a4d57bd5da442da1895a7701baa0923c [stream]
[debug] [2022-03-15T04:26:31.795Z] [uploadQueue] Retrying task 7efae7f09b3a9bb6473acb65c747899b4a499a37d601429622c25d2b690016bb
[debug] [2022-03-15T04:26:31.796Z] >>> [apiv2][query] POST https://upload-firebasehosting.googleapis.com/upload/sites/jrnl-7e606/versions/37ddb79d59038a54/files/7efae7f09b3a9bb6473acb65c747899b4a499a37d601429622c25d2b690016bb [none]
[debug] [2022-03-15T04:26:31.796Z] >>> [apiv2][body] POST https://upload-firebasehosting.googleapis.com/upload/sites/jrnl-7e606/versions/37ddb79d59038a54/files/7efae7f09b3a9bb6473acb65c747899b4a499a37d601429622c25d2b690016bb [stream]
[debug] [2022-03-15T04:26:31.813Z] [uploadQueue] Retrying task d9e8c767c8b811bd80439addd7a69b2fe980d98eac8740c3cf8f40f55e316044
[debug] [2022-03-15T04:26:31.814Z] >>> [apiv2][query] POST https://upload-firebasehosting.googleapis.com/upload/sites/jrnl-7e606/versions/37ddb79d59038a54/files/d9e8c767c8b811bd80439addd7a69b2fe980d98eac8740c3cf8f40f55e316044 [none]
[debug] [2022-03-15T04:26:31.814Z] >>> [apiv2][body] POST https://upload-firebasehosting.googleapis.com/upload/sites/jrnl-7e606/versions/37ddb79d59038a54/files/d9e8c767c8b811bd80439addd7a69b2fe980d98eac8740c3cf8f40f55e316044 [stream]
[debug] [2022-03-15T04:26:31.952Z] [uploadQueue] Retrying task e76745d6989819929ae6c71454c713622e0143b31b4f4ad286c10468a0672e49
[debug] [2022-03-15T04:26:31.952Z] >>> [apiv2][query] POST https://upload-firebasehosting.googleapis.com/upload/sites/jrnl-7e606/versions/37ddb79d59038a54/files/e76745d6989819929ae6c71454c713622e0143b31b4f4ad286c10468a0672e49 [none]
[debug] [2022-03-15T04:26:31.952Z] >>> [apiv2][body] POST https://upload-firebasehosting.googleapis.com/upload/sites/jrnl-7e606/versions/37ddb79d59038a54/files/e76745d6989819929ae6c71454c713622e0143b31b4f4ad286c10468a0672e49 [stream]
[debug] [2022-03-15T04:26:31.954Z] [uploadQueue] Retrying task d22b032bbf2f40b280ab7ffab603b422b1c8b39343fc8a866eca4aeb0a55c6a4
[debug] [2022-03-15T04:26:31.954Z] >>> [apiv2][query] POST https://upload-firebasehosting.googleapis.com/upload/sites/jrnl-7e606/versions/37ddb79d59038a54/files/d22b032bbf2f40b280ab7ffab603b422b1c8b39343fc8a866eca4aeb0a55c6a4 [none]
[debug] [2022-03-15T04:26:31.954Z] >>> [apiv2][body] POST https://upload-firebasehosting.googleapis.com/upload/sites/jrnl-7e606/versions/37ddb79d59038a54/files/d22b032bbf2f40b280ab7ffab603b422b1c8b39343fc8a866eca4aeb0a55c6a4 [stream]
[debug] [2022-03-15T04:26:31.956Z] [uploadQueue] Retrying task 93ebedad47da17516ac96739d9df4da498ca2164c033d798812899feba4bc3f0
[debug] [2022-03-15T04:26:31.956Z] >>> [apiv2][query] POST https://upload-firebasehosting.googleapis.com/upload/sites/jrnl-7e606/versions/37ddb79d59038a54/files/93ebedad47da17516ac96739d9df4da498ca2164c033d798812899feba4bc3f0 [none]
[debug] [2022-03-15T04:26:31.956Z] >>> [apiv2][body] POST https://upload-firebasehosting.googleapis.com/upload/sites/jrnl-7e606/versions/37ddb79d59038a54/files/93ebedad47da17516ac96739d9df4da498ca2164c033d798812899feba4bc3f0 [stream]
[debug] [2022-03-15T04:26:31.987Z] [uploadQueue] Retrying task 7329511612a3bd5fd2ab245ae0bdce98256e11ae6b6712f56df1b8fa0ba3b9ec
[debug] [2022-03-15T04:26:31.987Z] >>> [apiv2][query] POST https://upload-firebasehosting.googleapis.com/upload/sites/jrnl-7e606/versions/37ddb79d59038a54/files/7329511612a3bd5fd2ab245ae0bdce98256e11ae6b6712f56df1b8fa0ba3b9ec [none]
[debug] [2022-03-15T04:26:31.987Z] >>> [apiv2][body] POST https://upload-firebasehosting.googleapis.com/upload/sites/jrnl-7e606/versions/37ddb79d59038a54/files/7329511612a3bd5fd2ab245ae0bdce98256e11ae6b6712f56df1b8fa0ba3b9ec [stream]
[debug] [2022-03-15T04:26:32.131Z] [uploadQueue] Retrying task 33972f0987de7edaa44efeab328e730924fe1d7fd88345de54df1e96374e03ff
[debug] [2022-03-15T04:26:32.132Z] >>> [apiv2][query] POST https://upload-firebasehosting.googleapis.com/upload/sites/jrnl-7e606/versions/37ddb79d59038a54/files/33972f0987de7edaa44efeab328e730924fe1d7fd88345de54df1e96374e03ff [none]
[debug] [2022-03-15T04:26:32.132Z] >>> [apiv2][body] POST https://upload-firebasehosting.googleapis.com/upload/sites/jrnl-7e606/versions/37ddb79d59038a54/files/33972f0987de7edaa44efeab328e730924fe1d7fd88345de54df1e96374e03ff [stream]
[debug] [2022-03-15T04:26:32.188Z] [uploadQueue] Retrying task ea2d8bff40d3579ea15dec306fd27219f51d46af7677b40ad1d881f623ee19b2
[debug] [2022-03-15T04:26:32.188Z] >>> [apiv2][query] POST https://upload-firebasehosting.googleapis.com/upload/sites/jrnl-7e606/versions/37ddb79d59038a54/files/ea2d8bff40d3579ea15dec306fd27219f51d46af7677b40ad1d881f623ee19b2 [none]
[debug] [2022-03-15T04:26:32.188Z] >>> [apiv2][body] POST https://upload-firebasehosting.googleapis.com/upload/sites/jrnl-7e606/versions/37ddb79d59038a54/files/ea2d8bff40d3579ea15dec306fd27219f51d46af7677b40ad1d881f623ee19b2 [stream]
